<!doctype html>
<html lang="">
<head>
    <meta charset="UTF-8">
    <meta name="viewport"
          content="width=device-width, user-scalable=no, initial-scale=1.0, maximum-scale=1.0, minimum-scale=1.0">
    <meta http-equiv="X-UA-Compatible" content="ie=edge">
    <title>Test Results Report - APIAutomationRestAssured</title>

    <link href="reportng.css" rel="stylesheet" type="text/css"/>
</head>
<body>
<div id="meta">
Generated by <a href="http://www.testng.org" target="_blank">TestNG</a> with <a href="https://github.com/testng-team/reportng" target="_blank">ReportNG</a>
at 16:18 IST on Saturday 10 May 2025
    <br/><span
    id="systemInfo">hitan@DESKTOP-HM63L94&nbsp;/&nbsp;Java 22.0.2 (Oracle Corporation)&nbsp;/&nbsp;Windows 10 10.0 (amd64)</span>
</div>
<h1>APIAutomationRestAssured</h1>

<p>
    <a href="index.html">Suites</a>
        &#183; <a href="output.html">Log Output</a>
</p>

<p>Test duration
    : 0.000s</p>


    <table class="resultsTable">
        <tr>
            <th colspan="3" class="header failed">Failed Tests</th>
        </tr>
            <tr>
                <td class="group" colspan="3">org.example.Test.DataDrivenTest</td>
            </tr>
    <tr>
        <td class="method">
                testBugCreated
        </td>
        <td class="duration">
            0.000s
        </td>
        <td class="result">
            <!-- Display the dependencies for skipped test methods -->


            <!-- Show logger output for the test -->

                <a href="javascript:toggleElement('exception-0', 'block')"
                   title="Click to expand/collapse">
                    <b>java.lang.RuntimeException: java.lang.NullPointerException</b>
                </a>
                <br/>
                <div class="stackTrace" id="exception-0">
                        org.testng.internal.invokers.MethodInvocationHelper.invokeMethodNoCheckedException(MethodInvocationHelper.java:57)<br/>
                        org.testng.internal.invokers.MethodInvocationHelper.invokeDataProvider(MethodInvocationHelper.java:157)<br/>
                        org.testng.internal.Parameters.handleParameters(Parameters.java:812)<br/>
                        org.testng.internal.Parameters.handleParameters(Parameters.java:737)<br/>
                        org.testng.internal.invokers.ParameterHandler.handleParameters(ParameterHandler.java:72)<br/>
                        org.testng.internal.invokers.ParameterHandler.createParameters(ParameterHandler.java:51)<br/>
                        org.testng.internal.invokers.TestInvoker$MethodInvocationAgent.invoke(TestInvoker.java:915)<br/>
                        org.testng.internal.invokers.TestInvoker.invokeTestMethods(TestInvoker.java:201)<br/>
                        org.testng.internal.invokers.TestMethodWorker.invokeTestMethods(TestMethodWorker.java:148)<br/>
                        org.testng.internal.invokers.TestMethodWorker.run(TestMethodWorker.java:128)<br/>
                        java.base/java.util.ArrayList.forEach(ArrayList.java:1597)<br/>
                        org.testng.TestRunner.privateRun(TestRunner.java:819)<br/>
                        org.testng.TestRunner.run(TestRunner.java:619)<br/>
                        org.testng.SuiteRunner.runTest(SuiteRunner.java:443)<br/>
                        org.testng.SuiteRunner.runSequentially(SuiteRunner.java:437)<br/>
                        org.testng.SuiteRunner.privateRun(SuiteRunner.java:397)<br/>
                        org.testng.SuiteRunner.run(SuiteRunner.java:336)<br/>
                        org.testng.SuiteRunnerWorker.runSuite(SuiteRunnerWorker.java:52)<br/>
                        org.testng.SuiteRunnerWorker.run(SuiteRunnerWorker.java:95)<br/>
                        org.testng.TestNG.runSuitesSequentially(TestNG.java:1301)<br/>
                        org.testng.TestNG.runSuitesLocally(TestNG.java:1228)<br/>
                        org.testng.TestNG.runSuites(TestNG.java:1134)<br/>
                        org.testng.TestNG.run(TestNG.java:1101)<br/>
                        com.intellij.rt.testng.IDEARemoteTestNG.run(IDEARemoteTestNG.java:65)<br/>
                        com.intellij.rt.testng.RemoteTestNGStarter.main(RemoteTestNGStarter.java:105)<br/>
                        <b>Caused by: </b>
                        <a href="javascript:toggleElement('exception-1', 'block')"
                           title="Click to expand/collapse">
                            java.lang.NullPointerException
                        </a>
                        <br/>
                        <div class="stackTrace" id="exception-1">
                                java.base/java.util.Objects.requireNonNull(Objects.java:220)<br/>
                                org.example.utils.FileUtil.readSourceFile(FileUtil.java:17)<br/>
                                org.example.utils.FileUtil.readJsonAsJsonNode(FileUtil.java:25)<br/>
                                org.example.Test.DataDrivenTest.bugPayloads2(DataDrivenTest.java:31)<br/>
                                java.base/jdk.internal.reflect.DirectMethodHandleAccessor.invoke(DirectMethodHandleAccessor.java:103)<br/>
                                java.base/java.lang.reflect.Method.invoke(Method.java:580)<br/>
                                org.testng.internal.invokers.MethodInvocationHelper.invokeMethod(MethodInvocationHelper.java:139)<br/>
                                org.testng.internal.invokers.MethodInvocationHelper.invokeMethod(MethodInvocationHelper.java:84)<br/>
                                org.testng.internal.invokers.MethodInvocationHelper.invokeMethodNoCheckedException(MethodInvocationHelper.java:53)<br/>
                                org.testng.internal.invokers.MethodInvocationHelper.invokeDataProvider(MethodInvocationHelper.java:157)<br/>
                                org.testng.internal.Parameters.handleParameters(Parameters.java:812)<br/>
                                org.testng.internal.Parameters.handleParameters(Parameters.java:737)<br/>
                                org.testng.internal.invokers.ParameterHandler.handleParameters(ParameterHandler.java:72)<br/>
                                org.testng.internal.invokers.ParameterHandler.createParameters(ParameterHandler.java:51)<br/>
                                org.testng.internal.invokers.TestInvoker$MethodInvocationAgent.invoke(TestInvoker.java:915)<br/>
                                org.testng.internal.invokers.TestInvoker.invokeTestMethods(TestInvoker.java:201)<br/>
                                org.testng.internal.invokers.TestMethodWorker.invokeTestMethods(TestMethodWorker.java:148)<br/>
                                org.testng.internal.invokers.TestMethodWorker.run(TestMethodWorker.java:128)<br/>
                                java.base/java.util.ArrayList.forEach(ArrayList.java:1597)<br/>
                                org.testng.TestRunner.privateRun(TestRunner.java:819)<br/>
                                org.testng.TestRunner.run(TestRunner.java:619)<br/>
                                org.testng.SuiteRunner.runTest(SuiteRunner.java:443)<br/>
                                org.testng.SuiteRunner.runSequentially(SuiteRunner.java:437)<br/>
                                org.testng.SuiteRunner.privateRun(SuiteRunner.java:397)<br/>
                                org.testng.SuiteRunner.run(SuiteRunner.java:336)<br/>
                                org.testng.SuiteRunnerWorker.runSuite(SuiteRunnerWorker.java:52)<br/>
                                org.testng.SuiteRunnerWorker.run(SuiteRunnerWorker.java:95)<br/>
                                org.testng.TestNG.runSuitesSequentially(TestNG.java:1301)<br/>
                                org.testng.TestNG.runSuitesLocally(TestNG.java:1228)<br/>
                                org.testng.TestNG.runSuites(TestNG.java:1134)<br/>
                                org.testng.TestNG.run(TestNG.java:1101)<br/>
                                com.intellij.rt.testng.IDEARemoteTestNG.run(IDEARemoteTestNG.java:65)<br/>
                                com.intellij.rt.testng.RemoteTestNGStarter.main(RemoteTestNGStarter.java:105)<br/>
                        </div>
                </div>
        </td>
    </tr>
    <tr>
        <td class="method">
                testCreateBug1
        </td>
        <td class="duration">
            0.000s
        </td>
        <td class="result">
            <!-- Display the dependencies for skipped test methods -->


            <!-- Show logger output for the test -->

                <a href="javascript:toggleElement('exception-2', 'block')"
                   title="Click to expand/collapse">
                    <b>java.lang.RuntimeException: java.nio.file.InvalidPathException: Illegal char &lt;:&gt; at index 2: /C:/Users/hitan/IdeaProjects/APIAutomationRestAssured/target/test-classes/bugs/bugs01.json</b>
                </a>
                <br/>
                <div class="stackTrace" id="exception-2">
                        org.testng.internal.invokers.MethodInvocationHelper.invokeMethodNoCheckedException(MethodInvocationHelper.java:57)<br/>
                        org.testng.internal.invokers.MethodInvocationHelper.invokeDataProvider(MethodInvocationHelper.java:157)<br/>
                        org.testng.internal.Parameters.handleParameters(Parameters.java:812)<br/>
                        org.testng.internal.Parameters.handleParameters(Parameters.java:737)<br/>
                        org.testng.internal.invokers.ParameterHandler.handleParameters(ParameterHandler.java:72)<br/>
                        org.testng.internal.invokers.ParameterHandler.createParameters(ParameterHandler.java:51)<br/>
                        org.testng.internal.invokers.TestInvoker$MethodInvocationAgent.invoke(TestInvoker.java:915)<br/>
                        org.testng.internal.invokers.TestInvoker.invokeTestMethods(TestInvoker.java:201)<br/>
                        org.testng.internal.invokers.TestMethodWorker.invokeTestMethods(TestMethodWorker.java:148)<br/>
                        org.testng.internal.invokers.TestMethodWorker.run(TestMethodWorker.java:128)<br/>
                        java.base/java.util.ArrayList.forEach(ArrayList.java:1597)<br/>
                        org.testng.TestRunner.privateRun(TestRunner.java:819)<br/>
                        org.testng.TestRunner.run(TestRunner.java:619)<br/>
                        org.testng.SuiteRunner.runTest(SuiteRunner.java:443)<br/>
                        org.testng.SuiteRunner.runSequentially(SuiteRunner.java:437)<br/>
                        org.testng.SuiteRunner.privateRun(SuiteRunner.java:397)<br/>
                        org.testng.SuiteRunner.run(SuiteRunner.java:336)<br/>
                        org.testng.SuiteRunnerWorker.runSuite(SuiteRunnerWorker.java:52)<br/>
                        org.testng.SuiteRunnerWorker.run(SuiteRunnerWorker.java:95)<br/>
                        org.testng.TestNG.runSuitesSequentially(TestNG.java:1301)<br/>
                        org.testng.TestNG.runSuitesLocally(TestNG.java:1228)<br/>
                        org.testng.TestNG.runSuites(TestNG.java:1134)<br/>
                        org.testng.TestNG.run(TestNG.java:1101)<br/>
                        com.intellij.rt.testng.IDEARemoteTestNG.run(IDEARemoteTestNG.java:65)<br/>
                        com.intellij.rt.testng.RemoteTestNGStarter.main(RemoteTestNGStarter.java:105)<br/>
                        <b>Caused by: </b>
                        <a href="javascript:toggleElement('exception-3', 'block')"
                           title="Click to expand/collapse">
                            java.nio.file.InvalidPathException: Illegal char &lt;:&gt; at index 2: /C:/Users/hitan/IdeaProjects/APIAutomationRestAssured/target/test-classes/bugs/bugs01.json
                        </a>
                        <br/>
                        <div class="stackTrace" id="exception-3">
                                java.base/sun.nio.fs.WindowsPathParser.normalize(WindowsPathParser.java:204)<br/>
                                java.base/sun.nio.fs.WindowsPathParser.parse(WindowsPathParser.java:175)<br/>
                                java.base/sun.nio.fs.WindowsPathParser.parse(WindowsPathParser.java:77)<br/>
                                java.base/sun.nio.fs.WindowsPath.parse(WindowsPath.java:92)<br/>
                                java.base/sun.nio.fs.WindowsFileSystem.getPath(WindowsFileSystem.java:231)<br/>
                                java.base/java.nio.file.Path.of(Path.java:148)<br/>
                                java.base/java.nio.file.Paths.get(Paths.java:69)<br/>
                                org.example.utils.FileUtil.readSourceFile(FileUtil.java:21)<br/>
                                org.example.utils.FileUtil.readJsonAsJsonNode(FileUtil.java:25)<br/>
                                org.example.Test.DataDrivenTest.bugPayloads(DataDrivenTest.java:85)<br/>
                                java.base/jdk.internal.reflect.DirectMethodHandleAccessor.invoke(DirectMethodHandleAccessor.java:103)<br/>
                                java.base/java.lang.reflect.Method.invoke(Method.java:580)<br/>
                                org.testng.internal.invokers.MethodInvocationHelper.invokeMethod(MethodInvocationHelper.java:139)<br/>
                                org.testng.internal.invokers.MethodInvocationHelper.invokeMethod(MethodInvocationHelper.java:84)<br/>
                                org.testng.internal.invokers.MethodInvocationHelper.invokeMethodNoCheckedException(MethodInvocationHelper.java:53)<br/>
                                org.testng.internal.invokers.MethodInvocationHelper.invokeDataProvider(MethodInvocationHelper.java:157)<br/>
                                org.testng.internal.Parameters.handleParameters(Parameters.java:812)<br/>
                                org.testng.internal.Parameters.handleParameters(Parameters.java:737)<br/>
                                org.testng.internal.invokers.ParameterHandler.handleParameters(ParameterHandler.java:72)<br/>
                                org.testng.internal.invokers.ParameterHandler.createParameters(ParameterHandler.java:51)<br/>
                                org.testng.internal.invokers.TestInvoker$MethodInvocationAgent.invoke(TestInvoker.java:915)<br/>
                                org.testng.internal.invokers.TestInvoker.invokeTestMethods(TestInvoker.java:201)<br/>
                                org.testng.internal.invokers.TestMethodWorker.invokeTestMethods(TestMethodWorker.java:148)<br/>
                                org.testng.internal.invokers.TestMethodWorker.run(TestMethodWorker.java:128)<br/>
                                java.base/java.util.ArrayList.forEach(ArrayList.java:1597)<br/>
                                org.testng.TestRunner.privateRun(TestRunner.java:819)<br/>
                                org.testng.TestRunner.run(TestRunner.java:619)<br/>
                                org.testng.SuiteRunner.runTest(SuiteRunner.java:443)<br/>
                                org.testng.SuiteRunner.runSequentially(SuiteRunner.java:437)<br/>
                                org.testng.SuiteRunner.privateRun(SuiteRunner.java:397)<br/>
                                org.testng.SuiteRunner.run(SuiteRunner.java:336)<br/>
                                org.testng.SuiteRunnerWorker.runSuite(SuiteRunnerWorker.java:52)<br/>
                                org.testng.SuiteRunnerWorker.run(SuiteRunnerWorker.java:95)<br/>
                                org.testng.TestNG.runSuitesSequentially(TestNG.java:1301)<br/>
                                org.testng.TestNG.runSuitesLocally(TestNG.java:1228)<br/>
                                org.testng.TestNG.runSuites(TestNG.java:1134)<br/>
                                org.testng.TestNG.run(TestNG.java:1101)<br/>
                                com.intellij.rt.testng.IDEARemoteTestNG.run(IDEARemoteTestNG.java:65)<br/>
                                com.intellij.rt.testng.RemoteTestNGStarter.main(RemoteTestNGStarter.java:105)<br/>
                        </div>
                </div>
        </td>
    </tr>
    <tr>
        <td class="method">
                testCreateBug2
        </td>
        <td class="duration">
            0.000s
        </td>
        <td class="result">
            <!-- Display the dependencies for skipped test methods -->


            <!-- Show logger output for the test -->

                <a href="javascript:toggleElement('exception-4', 'block')"
                   title="Click to expand/collapse">
                    <b>java.lang.RuntimeException: java.nio.file.InvalidPathException: Illegal char &lt;:&gt; at index 2: /C:/Users/hitan/IdeaProjects/APIAutomationRestAssured/target/test-classes/bugs/bugs01.json</b>
                </a>
                <br/>
                <div class="stackTrace" id="exception-4">
                        org.testng.internal.invokers.MethodInvocationHelper.invokeMethodNoCheckedException(MethodInvocationHelper.java:57)<br/>
                        org.testng.internal.invokers.MethodInvocationHelper.invokeDataProvider(MethodInvocationHelper.java:157)<br/>
                        org.testng.internal.Parameters.handleParameters(Parameters.java:812)<br/>
                        org.testng.internal.Parameters.handleParameters(Parameters.java:737)<br/>
                        org.testng.internal.invokers.ParameterHandler.handleParameters(ParameterHandler.java:72)<br/>
                        org.testng.internal.invokers.ParameterHandler.createParameters(ParameterHandler.java:51)<br/>
                        org.testng.internal.invokers.TestInvoker$MethodInvocationAgent.invoke(TestInvoker.java:915)<br/>
                        org.testng.internal.invokers.TestInvoker.invokeTestMethods(TestInvoker.java:201)<br/>
                        org.testng.internal.invokers.TestMethodWorker.invokeTestMethods(TestMethodWorker.java:148)<br/>
                        org.testng.internal.invokers.TestMethodWorker.run(TestMethodWorker.java:128)<br/>
                        java.base/java.util.ArrayList.forEach(ArrayList.java:1597)<br/>
                        org.testng.TestRunner.privateRun(TestRunner.java:819)<br/>
                        org.testng.TestRunner.run(TestRunner.java:619)<br/>
                        org.testng.SuiteRunner.runTest(SuiteRunner.java:443)<br/>
                        org.testng.SuiteRunner.runSequentially(SuiteRunner.java:437)<br/>
                        org.testng.SuiteRunner.privateRun(SuiteRunner.java:397)<br/>
                        org.testng.SuiteRunner.run(SuiteRunner.java:336)<br/>
                        org.testng.SuiteRunnerWorker.runSuite(SuiteRunnerWorker.java:52)<br/>
                        org.testng.SuiteRunnerWorker.run(SuiteRunnerWorker.java:95)<br/>
                        org.testng.TestNG.runSuitesSequentially(TestNG.java:1301)<br/>
                        org.testng.TestNG.runSuitesLocally(TestNG.java:1228)<br/>
                        org.testng.TestNG.runSuites(TestNG.java:1134)<br/>
                        org.testng.TestNG.run(TestNG.java:1101)<br/>
                        com.intellij.rt.testng.IDEARemoteTestNG.run(IDEARemoteTestNG.java:65)<br/>
                        com.intellij.rt.testng.RemoteTestNGStarter.main(RemoteTestNGStarter.java:105)<br/>
                        <b>Caused by: </b>
                        <a href="javascript:toggleElement('exception-5', 'block')"
                           title="Click to expand/collapse">
                            java.nio.file.InvalidPathException: Illegal char &lt;:&gt; at index 2: /C:/Users/hitan/IdeaProjects/APIAutomationRestAssured/target/test-classes/bugs/bugs01.json
                        </a>
                        <br/>
                        <div class="stackTrace" id="exception-5">
                                java.base/sun.nio.fs.WindowsPathParser.normalize(WindowsPathParser.java:204)<br/>
                                java.base/sun.nio.fs.WindowsPathParser.parse(WindowsPathParser.java:175)<br/>
                                java.base/sun.nio.fs.WindowsPathParser.parse(WindowsPathParser.java:77)<br/>
                                java.base/sun.nio.fs.WindowsPath.parse(WindowsPath.java:92)<br/>
                                java.base/sun.nio.fs.WindowsFileSystem.getPath(WindowsFileSystem.java:231)<br/>
                                java.base/java.nio.file.Path.of(Path.java:148)<br/>
                                java.base/java.nio.file.Paths.get(Paths.java:69)<br/>
                                org.example.utils.FileUtil.readSourceFile(FileUtil.java:21)<br/>
                                org.example.utils.FileUtil.readJsonAsJsonNode(FileUtil.java:25)<br/>
                                org.example.Test.DataDrivenTest.bugPayloads(DataDrivenTest.java:85)<br/>
                                java.base/jdk.internal.reflect.DirectMethodHandleAccessor.invoke(DirectMethodHandleAccessor.java:103)<br/>
                                java.base/java.lang.reflect.Method.invoke(Method.java:580)<br/>
                                org.testng.internal.invokers.MethodInvocationHelper.invokeMethod(MethodInvocationHelper.java:139)<br/>
                                org.testng.internal.invokers.MethodInvocationHelper.invokeMethod(MethodInvocationHelper.java:84)<br/>
                                org.testng.internal.invokers.MethodInvocationHelper.invokeMethodNoCheckedException(MethodInvocationHelper.java:53)<br/>
                                org.testng.internal.invokers.MethodInvocationHelper.invokeDataProvider(MethodInvocationHelper.java:157)<br/>
                                org.testng.internal.Parameters.handleParameters(Parameters.java:812)<br/>
                                org.testng.internal.Parameters.handleParameters(Parameters.java:737)<br/>
                                org.testng.internal.invokers.ParameterHandler.handleParameters(ParameterHandler.java:72)<br/>
                                org.testng.internal.invokers.ParameterHandler.createParameters(ParameterHandler.java:51)<br/>
                                org.testng.internal.invokers.TestInvoker$MethodInvocationAgent.invoke(TestInvoker.java:915)<br/>
                                org.testng.internal.invokers.TestInvoker.invokeTestMethods(TestInvoker.java:201)<br/>
                                org.testng.internal.invokers.TestMethodWorker.invokeTestMethods(TestMethodWorker.java:148)<br/>
                                org.testng.internal.invokers.TestMethodWorker.run(TestMethodWorker.java:128)<br/>
                                java.base/java.util.ArrayList.forEach(ArrayList.java:1597)<br/>
                                org.testng.TestRunner.privateRun(TestRunner.java:819)<br/>
                                org.testng.TestRunner.run(TestRunner.java:619)<br/>
                                org.testng.SuiteRunner.runTest(SuiteRunner.java:443)<br/>
                                org.testng.SuiteRunner.runSequentially(SuiteRunner.java:437)<br/>
                                org.testng.SuiteRunner.privateRun(SuiteRunner.java:397)<br/>
                                org.testng.SuiteRunner.run(SuiteRunner.java:336)<br/>
                                org.testng.SuiteRunnerWorker.runSuite(SuiteRunnerWorker.java:52)<br/>
                                org.testng.SuiteRunnerWorker.run(SuiteRunnerWorker.java:95)<br/>
                                org.testng.TestNG.runSuitesSequentially(TestNG.java:1301)<br/>
                                org.testng.TestNG.runSuitesLocally(TestNG.java:1228)<br/>
                                org.testng.TestNG.runSuites(TestNG.java:1134)<br/>
                                org.testng.TestNG.run(TestNG.java:1101)<br/>
                                com.intellij.rt.testng.IDEARemoteTestNG.run(IDEARemoteTestNG.java:65)<br/>
                                com.intellij.rt.testng.RemoteTestNGStarter.main(RemoteTestNGStarter.java:105)<br/>
                        </div>
                </div>
        </td>
    </tr>
    </table>



<script type="text/javascript" src="reportng.js"></script>
</body>
